2023-May-12 11:05:17.689 INFO  [main] c.t.TokenVerificationSystemApplication - Starting TokenVerificationSystemApplication using Java 1.8.0_351 on DESKTOP-6GIO5QQ with PID 6180 (D:\TVS\target\classes started by Anjali in D:\TVS)
2023-May-12 11:05:17.731 INFO  [main] c.t.TokenVerificationSystemApplication - No active profile set, falling back to 1 default profile: "default"
2023-May-12 11:05:21.168 INFO  [main] o.s.d.r.c.RepositoryConfigurationDelegate - Bootstrapping Spring Data JPA repositories in DEFAULT mode.
2023-May-12 11:05:21.890 INFO  [main] o.s.d.r.c.RepositoryConfigurationDelegate - Finished Spring Data repository scanning in 595 ms. Found 6 JPA repository interfaces.
2023-May-12 11:05:24.389 INFO  [main] o.s.b.w.e.t.TomcatWebServer - Tomcat initialized with port(s): 8081 (http)
2023-May-12 11:05:24.413 INFO  [main] o.a.c.c.StandardService - Starting service [Tomcat]
2023-May-12 11:05:24.413 INFO  [main] o.a.c.c.StandardEngine - Starting Servlet engine: [Apache Tomcat/9.0.74]
2023-May-12 11:05:24.794 INFO  [main] o.a.c.c.C.[.[.[/] - Initializing Spring embedded WebApplicationContext
2023-May-12 11:05:24.794 INFO  [main] o.s.b.w.s.c.ServletWebServerApplicationContext - Root WebApplicationContext: initialization completed in 6829 ms
2023-May-12 11:05:25.073 INFO  [main] o.h.j.i.u.LogHelper - HHH000204: Processing PersistenceUnitInfo [name: default]
2023-May-12 11:05:25.168 INFO  [main] o.h.Version - HHH000412: Hibernate ORM core version 5.6.15.Final
2023-May-12 11:05:26.165 INFO  [main] o.h.a.c.Version - HCANN000001: Hibernate Commons Annotations {5.1.2.Final}
2023-May-12 11:05:26.398 INFO  [main] c.z.h.HikariDataSource - HikariPool-1 - Starting...
2023-May-12 11:05:26.781 INFO  [main] c.z.h.HikariDataSource - HikariPool-1 - Start completed.
2023-May-12 11:05:26.877 INFO  [main] o.h.d.Dialect - HHH000400: Using dialect: org.hibernate.dialect.MySQL8Dialect
2023-May-12 11:05:28.518 INFO  [main] o.h.e.t.j.p.i.JtaPlatformInitiator - HHH000490: Using JtaPlatform implementation: [org.hibernate.engine.transaction.jta.platform.internal.NoJtaPlatform]
2023-May-12 11:05:28.537 INFO  [main] o.s.o.j.LocalContainerEntityManagerFactoryBean - Initialized JPA EntityManagerFactory for persistence unit 'default'
2023-May-12 11:05:30.030 WARN  [main] o.s.b.a.o.j.JpaBaseConfiguration$JpaWebConfiguration - spring.jpa.open-in-view is enabled by default. Therefore, database queries may be performed during view rendering. Explicitly configure spring.jpa.open-in-view to disable this warning
2023-May-12 11:05:30.498 INFO  [main] o.s.s.w.DefaultSecurityFilterChain - Will secure any request with [org.springframework.security.web.session.DisableEncodeUrlFilter@4a4ff5ed, org.springframework.security.web.context.request.async.WebAsyncManagerIntegrationFilter@5ddb302, org.springframework.security.web.context.SecurityContextPersistenceFilter@5273143e, org.springframework.security.web.header.HeaderWriterFilter@6e3b2dd3, org.springframework.security.web.authentication.logout.LogoutFilter@7769d9b6, com.tokens.security.JwtFilter@4eb63dc8, org.springframework.security.web.authentication.UsernamePasswordAuthenticationFilter@23df7fad, org.springframework.security.web.savedrequest.RequestCacheAwareFilter@334b392d, org.springframework.security.web.servletapi.SecurityContextHolderAwareRequestFilter@3caf5c96, org.springframework.security.web.authentication.AnonymousAuthenticationFilter@4b7ab7ab, org.springframework.security.web.session.SessionManagementFilter@1c011855, org.springframework.security.web.access.ExceptionTranslationFilter@2fa212df, org.springframework.security.web.access.intercept.FilterSecurityInterceptor@f49e81a]
2023-May-12 11:05:31.329 INFO  [main] o.s.b.w.e.t.TomcatWebServer - Tomcat started on port(s): 8081 (http) with context path ''
2023-May-12 11:05:31.348 INFO  [main] c.t.TokenVerificationSystemApplication - Started TokenVerificationSystemApplication in 14.644 seconds (JVM running for 15.397)
2023-May-12 11:05:59.585 INFO  [http-nio-8081-exec-1] o.a.c.c.C.[.[.[/] - Initializing Spring DispatcherServlet 'dispatcherServlet'
2023-May-12 11:05:59.586 INFO  [http-nio-8081-exec-1] o.s.w.s.DispatcherServlet - Initializing Servlet 'dispatcherServlet'
2023-May-12 11:05:59.592 INFO  [http-nio-8081-exec-1] o.s.w.s.DispatcherServlet - Completed initialization in 5 ms
2023-May-12 11:25:17.940 INFO  [main] c.t.TokenVerificationSystemApplication - Starting TokenVerificationSystemApplication using Java 1.8.0_351 on DESKTOP-6GIO5QQ with PID 5032 (D:\TVS\target\classes started by Anjali in D:\TVS)
2023-May-12 11:25:17.945 INFO  [main] c.t.TokenVerificationSystemApplication - No active profile set, falling back to 1 default profile: "default"
2023-May-12 11:25:19.353 INFO  [main] o.s.d.r.c.RepositoryConfigurationDelegate - Bootstrapping Spring Data JPA repositories in DEFAULT mode.
2023-May-12 11:25:19.474 INFO  [main] o.s.d.r.c.RepositoryConfigurationDelegate - Finished Spring Data repository scanning in 103 ms. Found 6 JPA repository interfaces.
2023-May-12 11:25:20.778 INFO  [main] o.s.b.w.e.t.TomcatWebServer - Tomcat initialized with port(s): 8081 (http)
2023-May-12 11:25:20.818 INFO  [main] o.a.c.c.StandardService - Starting service [Tomcat]
2023-May-12 11:25:20.819 INFO  [main] o.a.c.c.StandardEngine - Starting Servlet engine: [Apache Tomcat/9.0.74]
2023-May-12 11:25:21.144 INFO  [main] o.a.c.c.C.[.[.[/] - Initializing Spring embedded WebApplicationContext
2023-May-12 11:25:21.144 INFO  [main] o.s.b.w.s.c.ServletWebServerApplicationContext - Root WebApplicationContext: initialization completed in 3089 ms
2023-May-12 11:25:21.420 INFO  [main] o.h.j.i.u.LogHelper - HHH000204: Processing PersistenceUnitInfo [name: default]
2023-May-12 11:25:21.504 INFO  [main] o.h.Version - HHH000412: Hibernate ORM core version 5.6.15.Final
2023-May-12 11:25:21.739 INFO  [main] o.h.a.c.Version - HCANN000001: Hibernate Commons Annotations {5.1.2.Final}
2023-May-12 11:25:21.895 INFO  [main] c.z.h.HikariDataSource - HikariPool-1 - Starting...
2023-May-12 11:25:22.132 INFO  [main] c.z.h.HikariDataSource - HikariPool-1 - Start completed.
2023-May-12 11:25:22.161 INFO  [main] o.h.d.Dialect - HHH000400: Using dialect: org.hibernate.dialect.MySQL8Dialect
2023-May-12 11:25:23.352 INFO  [main] o.h.e.t.j.p.i.JtaPlatformInitiator - HHH000490: Using JtaPlatform implementation: [org.hibernate.engine.transaction.jta.platform.internal.NoJtaPlatform]
2023-May-12 11:25:23.366 INFO  [main] o.s.o.j.LocalContainerEntityManagerFactoryBean - Initialized JPA EntityManagerFactory for persistence unit 'default'
2023-May-12 11:25:24.625 WARN  [main] o.s.b.a.o.j.JpaBaseConfiguration$JpaWebConfiguration - spring.jpa.open-in-view is enabled by default. Therefore, database queries may be performed during view rendering. Explicitly configure spring.jpa.open-in-view to disable this warning
2023-May-12 11:25:24.945 INFO  [main] o.s.s.w.DefaultSecurityFilterChain - Will secure any request with [org.springframework.security.web.session.DisableEncodeUrlFilter@4ab455e2, org.springframework.security.web.context.request.async.WebAsyncManagerIntegrationFilter@2acca224, org.springframework.security.web.context.SecurityContextPersistenceFilter@6e3b2dd3, org.springframework.security.web.header.HeaderWriterFilter@225e09f0, org.springframework.security.web.authentication.logout.LogoutFilter@fd87c22, com.tokens.security.JwtFilter@6b126187, org.springframework.security.web.authentication.UsernamePasswordAuthenticationFilter@459bf87c, org.springframework.security.web.savedrequest.RequestCacheAwareFilter@1c011855, org.springframework.security.web.servletapi.SecurityContextHolderAwareRequestFilter@334b392d, org.springframework.security.web.authentication.AnonymousAuthenticationFilter@7ac685ef, org.springframework.security.web.session.SessionManagementFilter@2fa212df, org.springframework.security.web.access.ExceptionTranslationFilter@3d132bb6, org.springframework.security.web.access.intercept.FilterSecurityInterceptor@5a7a6d34]
2023-May-12 11:25:25.604 INFO  [main] o.s.b.w.e.t.TomcatWebServer - Tomcat started on port(s): 8081 (http) with context path ''
2023-May-12 11:25:25.620 INFO  [main] c.t.TokenVerificationSystemApplication - Started TokenVerificationSystemApplication in 8.282 seconds (JVM running for 8.999)
2023-May-12 11:25:57.813 INFO  [http-nio-8081-exec-1] o.a.c.c.C.[.[.[/] - Initializing Spring DispatcherServlet 'dispatcherServlet'
2023-May-12 11:25:57.813 INFO  [http-nio-8081-exec-1] o.s.w.s.DispatcherServlet - Initializing Servlet 'dispatcherServlet'
2023-May-12 11:25:57.824 INFO  [http-nio-8081-exec-1] o.s.w.s.DispatcherServlet - Completed initialization in 11 ms
2023-May-12 11:29:52.918 INFO  [main] c.t.TokenVerificationSystemApplication - Starting TokenVerificationSystemApplication using Java 1.8.0_351 on DESKTOP-6GIO5QQ with PID 13948 (D:\TVS\target\classes started by Anjali in D:\TVS)
2023-May-12 11:29:52.965 INFO  [main] c.t.TokenVerificationSystemApplication - No active profile set, falling back to 1 default profile: "default"
2023-May-12 11:29:54.408 INFO  [main] o.s.d.r.c.RepositoryConfigurationDelegate - Bootstrapping Spring Data JPA repositories in DEFAULT mode.
2023-May-12 11:29:54.540 INFO  [main] o.s.d.r.c.RepositoryConfigurationDelegate - Finished Spring Data repository scanning in 113 ms. Found 6 JPA repository interfaces.
2023-May-12 11:29:55.921 INFO  [main] o.s.b.w.e.t.TomcatWebServer - Tomcat initialized with port(s): 8081 (http)
2023-May-12 11:29:55.940 INFO  [main] o.a.c.c.StandardService - Starting service [Tomcat]
2023-May-12 11:29:55.941 INFO  [main] o.a.c.c.StandardEngine - Starting Servlet engine: [Apache Tomcat/9.0.74]
2023-May-12 11:29:56.281 INFO  [main] o.a.c.c.C.[.[.[/] - Initializing Spring embedded WebApplicationContext
2023-May-12 11:29:56.281 INFO  [main] o.s.b.w.s.c.ServletWebServerApplicationContext - Root WebApplicationContext: initialization completed in 3181 ms
2023-May-12 11:29:56.542 INFO  [main] o.h.j.i.u.LogHelper - HHH000204: Processing PersistenceUnitInfo [name: default]
2023-May-12 11:29:56.633 INFO  [main] o.h.Version - HHH000412: Hibernate ORM core version 5.6.15.Final
2023-May-12 11:29:56.900 INFO  [main] o.h.a.c.Version - HCANN000001: Hibernate Commons Annotations {5.1.2.Final}
2023-May-12 11:29:57.067 INFO  [main] c.z.h.HikariDataSource - HikariPool-1 - Starting...
2023-May-12 11:29:57.274 INFO  [main] c.z.h.HikariDataSource - HikariPool-1 - Start completed.
2023-May-12 11:29:57.301 INFO  [main] o.h.d.Dialect - HHH000400: Using dialect: org.hibernate.dialect.MySQL8Dialect
2023-May-12 11:29:58.650 INFO  [main] o.h.e.t.j.p.i.JtaPlatformInitiator - HHH000490: Using JtaPlatform implementation: [org.hibernate.engine.transaction.jta.platform.internal.NoJtaPlatform]
2023-May-12 11:29:58.666 INFO  [main] o.s.o.j.LocalContainerEntityManagerFactoryBean - Initialized JPA EntityManagerFactory for persistence unit 'default'
2023-May-12 11:30:00.487 WARN  [main] o.s.b.a.o.j.JpaBaseConfiguration$JpaWebConfiguration - spring.jpa.open-in-view is enabled by default. Therefore, database queries may be performed during view rendering. Explicitly configure spring.jpa.open-in-view to disable this warning
2023-May-12 11:30:00.814 INFO  [main] o.s.s.w.DefaultSecurityFilterChain - Will secure any request with [org.springframework.security.web.session.DisableEncodeUrlFilter@fe08eaf, org.springframework.security.web.context.request.async.WebAsyncManagerIntegrationFilter@6fd9dbe6, org.springframework.security.web.context.SecurityContextPersistenceFilter@3fd33f48, org.springframework.security.web.header.HeaderWriterFilter@7645b7d, org.springframework.security.web.authentication.logout.LogoutFilter@238ad211, com.tokens.security.JwtFilter@1fee4278, org.springframework.security.web.authentication.UsernamePasswordAuthenticationFilter@4fea5ee0, org.springframework.security.web.savedrequest.RequestCacheAwareFilter@986b619, org.springframework.security.web.servletapi.SecurityContextHolderAwareRequestFilter@24eecabf, org.springframework.security.web.authentication.AnonymousAuthenticationFilter@7b3085a3, org.springframework.security.web.session.SessionManagementFilter@3ea84e01, org.springframework.security.web.access.ExceptionTranslationFilter@1b8d20e6, org.springframework.security.web.access.intercept.FilterSecurityInterceptor@41059616]
2023-May-12 11:30:01.461 INFO  [main] o.s.b.w.e.t.TomcatWebServer - Tomcat started on port(s): 8081 (http) with context path ''
2023-May-12 11:30:01.477 INFO  [main] c.t.TokenVerificationSystemApplication - Started TokenVerificationSystemApplication in 9.208 seconds (JVM running for 9.936)
2023-May-12 11:30:42.136 INFO  [http-nio-8081-exec-1] o.a.c.c.C.[.[.[/] - Initializing Spring DispatcherServlet 'dispatcherServlet'
2023-May-12 11:30:42.136 INFO  [http-nio-8081-exec-1] o.s.w.s.DispatcherServlet - Initializing Servlet 'dispatcherServlet'
2023-May-12 11:30:42.141 INFO  [http-nio-8081-exec-1] o.s.w.s.DispatcherServlet - Completed initialization in 5 ms
2023-May-12 11:30:50.400 ERROR [http-nio-8081-exec-5] c.t.c.UserController - Error because of Invalid credentials
2023-May-12 11:44:55.434 INFO  [main] c.t.TokenVerificationSystemApplication - Starting TokenVerificationSystemApplication using Java 1.8.0_351 on DESKTOP-6GIO5QQ with PID 14104 (D:\TVS\target\classes started by Anjali in D:\TVS)
2023-May-12 11:44:55.455 INFO  [main] c.t.TokenVerificationSystemApplication - No active profile set, falling back to 1 default profile: "default"
2023-May-12 11:44:57.860 INFO  [main] o.s.d.r.c.RepositoryConfigurationDelegate - Bootstrapping Spring Data JPA repositories in DEFAULT mode.
2023-May-12 11:44:57.989 INFO  [main] o.s.d.r.c.RepositoryConfigurationDelegate - Finished Spring Data repository scanning in 112 ms. Found 6 JPA repository interfaces.
2023-May-12 11:44:59.765 INFO  [main] o.s.b.w.e.t.TomcatWebServer - Tomcat initialized with port(s): 8081 (http)
2023-May-12 11:45:26.950 INFO  [main] o.a.c.c.StandardService - Starting service [Tomcat]
2023-May-12 11:45:26.951 INFO  [main] o.a.c.c.StandardEngine - Starting Servlet engine: [Apache Tomcat/9.0.74]
2023-May-12 11:45:27.280 INFO  [main] o.a.c.c.C.[.[.[/] - Initializing Spring embedded WebApplicationContext
2023-May-12 11:45:27.281 INFO  [main] o.s.b.w.s.c.ServletWebServerApplicationContext - Root WebApplicationContext: initialization completed in 31622 ms
2023-May-12 11:45:27.585 INFO  [main] o.h.j.i.u.LogHelper - HHH000204: Processing PersistenceUnitInfo [name: default]
2023-May-12 11:45:27.656 INFO  [main] o.h.Version - HHH000412: Hibernate ORM core version 5.6.15.Final
2023-May-12 11:45:27.894 INFO  [main] o.h.a.c.Version - HCANN000001: Hibernate Commons Annotations {5.1.2.Final}
2023-May-12 11:45:28.084 INFO  [main] c.z.h.HikariDataSource - HikariPool-1 - Starting...
2023-May-12 11:45:28.358 INFO  [main] c.z.h.HikariDataSource - HikariPool-1 - Start completed.
2023-May-12 11:45:28.403 INFO  [main] o.h.d.Dialect - HHH000400: Using dialect: org.hibernate.dialect.MySQL8Dialect
2023-May-12 11:45:30.026 INFO  [main] o.h.e.t.j.p.i.JtaPlatformInitiator - HHH000490: Using JtaPlatform implementation: [org.hibernate.engine.transaction.jta.platform.internal.NoJtaPlatform]
2023-May-12 11:45:30.049 INFO  [main] o.s.o.j.LocalContainerEntityManagerFactoryBean - Initialized JPA EntityManagerFactory for persistence unit 'default'
2023-May-12 11:45:31.710 WARN  [main] o.s.b.a.o.j.JpaBaseConfiguration$JpaWebConfiguration - spring.jpa.open-in-view is enabled by default. Therefore, database queries may be performed during view rendering. Explicitly configure spring.jpa.open-in-view to disable this warning
2023-May-12 11:45:32.095 INFO  [main] o.s.s.w.DefaultSecurityFilterChain - Will secure any request with [org.springframework.security.web.session.DisableEncodeUrlFilter@4ab455e2, org.springframework.security.web.context.request.async.WebAsyncManagerIntegrationFilter@2acca224, org.springframework.security.web.context.SecurityContextPersistenceFilter@6e3b2dd3, org.springframework.security.web.header.HeaderWriterFilter@225e09f0, org.springframework.security.web.authentication.logout.LogoutFilter@fd87c22, com.tokens.security.JwtFilter@6b126187, org.springframework.security.web.authentication.UsernamePasswordAuthenticationFilter@459bf87c, org.springframework.security.web.savedrequest.RequestCacheAwareFilter@1c011855, org.springframework.security.web.servletapi.SecurityContextHolderAwareRequestFilter@334b392d, org.springframework.security.web.authentication.AnonymousAuthenticationFilter@7ac685ef, org.springframework.security.web.session.SessionManagementFilter@2fa212df, org.springframework.security.web.access.ExceptionTranslationFilter@3d132bb6, org.springframework.security.web.access.intercept.FilterSecurityInterceptor@5a7a6d34]
2023-May-12 11:45:32.841 INFO  [main] o.s.b.w.e.t.TomcatWebServer - Tomcat started on port(s): 8081 (http) with context path ''
2023-May-12 11:45:32.859 INFO  [main] c.t.TokenVerificationSystemApplication - Started TokenVerificationSystemApplication in 38.215 seconds (JVM running for 39.014)
2023-May-12 11:45:35.723 INFO  [http-nio-8081-exec-2] o.a.c.c.C.[.[.[/] - Initializing Spring DispatcherServlet 'dispatcherServlet'
2023-May-12 11:45:35.723 INFO  [http-nio-8081-exec-2] o.s.w.s.DispatcherServlet - Initializing Servlet 'dispatcherServlet'
2023-May-12 11:45:35.729 INFO  [http-nio-8081-exec-2] o.s.w.s.DispatcherServlet - Completed initialization in 6 ms
